<?xml version="1.0" encoding="UTF-8"?>
<!-- Generated by org.testng.reporters.JUnitReportReporter -->
<testsuite skipped="0" hostname="BRTL028" name="ojo.com.ojo.RunFile" tests="4" failures="0" timestamp="21 Mar 2019 09:55:54 GMT" time="131.273" errors="0">
  <testcase name="Login_Process" time="46.525" classname="ojo.com.ojo.RunFile"/>
  <testcase name="Select_Services" time="50.275" classname="ojo.com.ojo.RunFile"/>
  <testcase name="Enter_Cus_Details" time="12.711" classname="ojo.com.ojo.RunFile"/>
  <testcase name="Order_Process" time="21.762" classname="ojo.com.ojo.RunFile"/>
</testsuite> <!-- ojo.com.ojo.RunFile -->
